{
  "RSpec": {
    "coverage": {
      "/Users/aetherkerstens/Turing_2208/MOD1/2210/enigma/spec/enigma_spec.rb": {
        "lines": [
          1,
          1,
          1,
          null,
          1,
          1,
          1,
          null,
          1,
          null,
          null,
          1,
          1,
          1,
          null,
          null,
          null,
          1,
          1,
          null,
          1,
          null,
          null,
          null,
          1,
          1,
          1,
          null,
          null,
          null,
          null,
          1,
          null,
          null,
          null,
          null,
          null,
          null,
          1,
          1,
          null,
          1,
          null,
          null,
          null,
          null,
          1,
          null,
          null,
          null,
          null,
          null,
          null,
          null,
          1,
          1,
          1,
          1,
          null,
          1,
          null,
          null,
          1,
          1,
          1,
          1,
          null,
          1,
          null,
          null,
          1,
          1,
          1,
          1,
          0,
          0,
          null,
          null,
          1,
          1,
          1,
          1,
          null,
          1,
          null,
          1,
          1,
          1,
          1,
          null,
          null,
          null,
          null,
          null,
          null,
          null,
          null,
          1,
          1,
          1,
          1,
          1,
          null,
          null,
          null,
          null,
          null,
          null
        ]
      },
      "/Users/aetherkerstens/Turing_2208/MOD1/2210/enigma/lib/enigma.rb": {
        "lines": [
          1,
          1,
          1,
          1,
          null,
          1,
          null,
          null,
          1,
          null,
          null,
          10,
          null,
          null,
          10,
          null,
          null,
          1,
          76694,
          null,
          null,
          76694,
          null,
          null,
          1,
          2,
          76691,
          76691,
          2,
          0,
          null,
          null,
          null,
          1,
          3451524,
          null,
          null,
          1,
          1150506,
          1150506,
          1150506,
          null,
          null,
          1,
          76704,
          1150511,
          1150511,
          null,
          76704,
          null,
          null,
          1,
          1150506,
          1150506,
          null,
          null,
          1,
          1150506,
          1150506,
          108,
          null,
          1150398,
          null,
          1150506,
          null,
          null
        ]
      },
      "/Users/aetherkerstens/Turing_2208/MOD1/2210/enigma/lib/keys.rb": {
        "lines": [
          1,
          1,
          null,
          1,
          1150506,
          1150506,
          1150506,
          1150506,
          1150506,
          null,
          null,
          1,
          76692,
          null,
          null
        ]
      },
      "/Users/aetherkerstens/Turing_2208/MOD1/2210/enigma/lib/offsets.rb": {
        "lines": [
          1,
          1,
          null,
          1,
          1150506,
          1150506,
          1150506,
          1150506,
          1150506,
          1150506,
          null,
          null,
          1,
          4,
          null,
          null
        ]
      },
      "/Users/aetherkerstens/Turing_2208/MOD1/2210/enigma/lib/shifts.rb": {
        "lines": [
          1,
          1,
          null,
          1,
          1150506,
          1150506,
          1150506,
          1150506,
          null,
          null,
          1,
          1150506,
          1150506,
          null,
          306803,
          null,
          306803,
          null,
          306802,
          null,
          230098,
          null,
          null,
          null
        ]
      }
    },
    "timestamp": 1668596139
  }
}
